-------------------------------------------------------------------------------
Test set: com.ds.MathUtilsTest
-------------------------------------------------------------------------------
Tests run: 3, Failures: 1, Errors: 0, Skipped: 0, Time elapsed: 0.015 s <<< FAILURE! - in com.ds.MathUtilsTest
testDivide  Time elapsed: 0.007 s  <<< FAILURE!
org.opentest4j.AssertionFailedError: Expected java.lang.ArithmeticException to be thrown, but nothing was thrown.
	at com.ds.MathUtilsTest.testDivide(MathUtilsTest.java:21)

