<?xml version="1.0" encoding="UTF-8"?>
<testsuite xmlns:xsi="http://www.w3.org/2001/XMLSchema-instance" xsi:noNamespaceSchemaLocation="https://maven.apache.org/surefire/maven-surefire-plugin/xsd/surefire-test-report.xsd" name="com.ds.MathUtilsTest" time="0.038" tests="7" errors="0" skipped="2" failures="0">
  <properties>
[...]
</properties>
  <testcase name="testAdd" classname="com.ds.MathUtilsTest" time="0.017"/>
  <testcase name="testComputeCircleArea" classname="com.ds.MathUtilsTest" time="0.001"/>
  <testcase name="testDisabled" classname="com.ds.MathUtilsTest" time="0">
    <skipped message="void com.ds.MathUtilsTest.testDisabled() is @Disabled"/>
  </testcase>
  <testcase name="testDivide" classname="com.ds.MathUtilsTest" time="0">
    <skipped message="Assumption failed: assumption is not true" type="org.opentest4j.TestAbortedException">org.opentest4j.TestAbortedException: Assumption failed: assumption is not true
	at com.ds.MathUtilsTest.testDivide(MathUtilsTest.java:74)
</skipped>
    <system-out><![CDATA[Starting method...
Cleaning up...
]]></system-out>
  </testcase>
  <testcase name="testMultiply" classname="com.ds.MathUtilsTest" time="0.003"/>
  <testcase name="testAddPositives" classname="com.ds.MathUtilsTest$NestedAddTest" time="0.001"/>
  <testcase name="testAddNegatives" classname="com.ds.MathUtilsTest$NestedAddTest" time="0.001"/>
</testsuite>